0 info it worked if it ends with ok
1 verbose cli [ '/Users/mattcale/.nvm/versions/node/v6.3.1/bin/node',
1 verbose cli   '/Users/mattcale/.nvm/versions/node/v6.3.1/bin/npm',
1 verbose cli   'run',
1 verbose cli   'release:patch' ]
2 info using npm@3.10.3
3 info using node@v6.3.1
4 verbose run-script [ 'prerelease:patch', 'release:patch', 'postrelease:patch' ]
5 info lifecycle simplebrain@1.0.3~prerelease:patch: simplebrain@1.0.3
6 silly lifecycle simplebrain@1.0.3~prerelease:patch: no script for prerelease:patch, continuing
7 info lifecycle simplebrain@1.0.3~release:patch: simplebrain@1.0.3
8 verbose lifecycle simplebrain@1.0.3~release:patch: unsafe-perm in lifecycle true
9 verbose lifecycle simplebrain@1.0.3~release:patch: PATH: /Users/mattcale/.nvm/versions/node/v6.3.1/lib/node_modules/npm/bin/node-gyp-bin:/Users/mattcale/Desktop/simplebrain/node_modules/.bin:/Users/mattcale/.nvm/versions/node/v6.3.1/bin:/Users/mattcale/.nvm/versions/node/v6.3.1/bin:/usr/local/bin:/usr/bin:/bin:/usr/sbin:/sbin:/Users/mattcale/.node/bin:/Library/Frameworks/Python.framework/Versions/2.7/bin:/Users/mattcale/.node/bin:/Library/Frameworks/Python.framework/Versions/2.7/bin
10 verbose lifecycle simplebrain@1.0.3~release:patch: CWD: /Users/mattcale/Desktop/simplebrain
11 silly lifecycle simplebrain@1.0.3~release:patch: Args: [ '-c', 'npm version patch && npm publish' ]
12 silly lifecycle simplebrain@1.0.3~release:patch: Returned: code: 1  signal: null
13 info lifecycle simplebrain@1.0.3~release:patch: Failed to exec release:patch script
14 verbose stack Error: simplebrain@1.0.3 release:patch: `npm version patch && npm publish`
14 verbose stack Exit status 1
14 verbose stack     at EventEmitter.<anonymous> (/Users/mattcale/.nvm/versions/node/v6.3.1/lib/node_modules/npm/lib/utils/lifecycle.js:242:16)
14 verbose stack     at emitTwo (events.js:106:13)
14 verbose stack     at EventEmitter.emit (events.js:191:7)
14 verbose stack     at ChildProcess.<anonymous> (/Users/mattcale/.nvm/versions/node/v6.3.1/lib/node_modules/npm/lib/utils/spawn.js:40:14)
14 verbose stack     at emitTwo (events.js:106:13)
14 verbose stack     at ChildProcess.emit (events.js:191:7)
14 verbose stack     at maybeClose (internal/child_process.js:852:16)
14 verbose stack     at Process.ChildProcess._handle.onexit (internal/child_process.js:215:5)
15 verbose pkgid simplebrain@1.0.3
16 verbose cwd /Users/mattcale/Desktop/simplebrain
17 error Darwin 14.5.0
18 error argv "/Users/mattcale/.nvm/versions/node/v6.3.1/bin/node" "/Users/mattcale/.nvm/versions/node/v6.3.1/bin/npm" "run" "release:patch"
19 error node v6.3.1
20 error npm  v3.10.3
21 error code ELIFECYCLE
22 error simplebrain@1.0.3 release:patch: `npm version patch && npm publish`
22 error Exit status 1
23 error Failed at the simplebrain@1.0.3 release:patch script 'npm version patch && npm publish'.
23 error Make sure you have the latest version of node.js and npm installed.
23 error If you do, this is most likely a problem with the simplebrain package,
23 error not with npm itself.
23 error Tell the author that this fails on your system:
23 error     npm version patch && npm publish
23 error You can get information on how to open an issue for this project with:
23 error     npm bugs simplebrain
23 error Or if that isn't available, you can get their info via:
23 error     npm owner ls simplebrain
23 error There is likely additional logging output above.
24 verbose exit [ 1, true ]
